C51 COMPILER V9.59.0.0   DS18B20                                                           06/15/2018 15:00:34 PAGE 1   


C51 COMPILER V9.59.0.0, COMPILATION OF MODULE DS18B20
OBJECT MODULE PLACED IN ds18b20.OBJ
COMPILER INVOKED BY: C:\Keil_v5\C51\BIN\C51.EXE ds18b20.c OPTIMIZE(8,SPEED) BROWSE DEBUG OBJECTEXTEND TABS(2)

line level    source

   1          #include "configuration.h"
   2          /*Delay
   3          功能：通过循环的方式――延时
   4          参数：int
   5          返回：
   6          */
   7          void Delay(unsigned int i)
   8          {
   9   1        while(i--);
  10   1      }
  11          /*Reset18B20
  12          功能：复位18B20并返回芯片存在与否
  13          参数：
  14          返回：1表示芯片存在，0表示芯片不存在
  15          */
  16          bit Reset18B20(void)
  17          {
  18   1        bit x;
  19   1        DQ=1;
  20   1        Delay(96);
  21   1        DQ=0;//主机拉低总线 
  22   1        Delay(960);   
  23   1        DQ=1;//主机释放总线   
  24   1        Delay(96);  
  25   1        x=DQ;
  26   1        Delay(240);
  27   1        if(x==0) 
  28   1          return 1;
  29   1        else 
  30   1          return 0;
  31   1      }
  32          /*DS18B20WriteByte
  33          功能：向 DS18820  写入一个字节
  34          参数：
  35          返回：
  36          */  
  37          void DS18B20WriteByte(unsigned char c)
  38          {
  39   1        unsigned char ic;
  40   1        for(ic=0;ic<8;ic++)  
  41   1        { 
  42   2          DQ=0;//主机拉低总线，开始写位   
  43   2          DQ=c&0x01;//存最低位，通过右循环，将8位数据写入  
  44   2          Delay(60);
  45   2          DQ=1;//释放总线 
  46   2          c>>=1; //右移  
  47   2        }
  48   1      }
  49          /*DS18B20ReadByte
  50          功能：从18B20读出一个字节
  51          参数：
  52          返回：读出的字节
  53          */
  54          unsigned char DS18B20ReadByte(void)
  55          {
C51 COMPILER V9.59.0.0   DS18B20                                                           06/15/2018 15:00:34 PAGE 2   

  56   1        unsigned char c,ic;
  57   1        c=0;
  58   1        for(ic=0;ic<8;ic++)
  59   1        {
  60   2          DQ=0;
  61   2          c>>=1;//右移一位
  62   2          DQ=1;
  63   2          if(DQ) 
  64   2            c|=0x80;//将c的最高位置  
  65   2          Delay(48);
  66   2        }
  67   1        return c;
  68   1      }
  69          /*DS18B20ReadTemperature
  70          功能：模拟DS18B20检测并输出温度值的所有操作过程，读出温度
  71          参数：温度（由整数和小数部分构成）
  72          返回：
  73          */
  74          void DS18B20ReadTemperature(Temperature *t)
  75          {
  76   1        unsigned char tmpl,tmph;
  77   1        Reset18B20();
  78   1        Delay(144); 
  79   1        DS18B20WriteByte(SkipROM);//跳读，单总线，省时  
  80   1        DS18B20WriteByte(StartConvert);//温度转换  
  81   1        Reset18B20();//复位  
  82   1        Delay(144);   
  83   1        DS18B20WriteByte(SkipROM);//跳读，单总线，省时  
  84   1        DS18B20WriteByte(ReadMemory);//读RAM数据 
  85   1        tmpl=DS18B20ReadByte();//读温度  
  86   1        tmph=DS18B20ReadByte();
  87   1        t->z=(int)((tmph&0x07)<<4|(tmpl&0xf0)>>4); //温度转换计算  
  88   1        t->x=(int)((tmpl&0x0f)*625);
  89   1      }


MODULE INFORMATION:   STATIC OVERLAYABLE
   CODE SIZE        =    233    ----
   CONSTANT SIZE    =   ----    ----
   XDATA SIZE       =   ----    ----
   PDATA SIZE       =   ----    ----
   DATA SIZE        =   ----       4
   IDATA SIZE       =   ----    ----
   BIT SIZE         =   ----       1
END OF MODULE INFORMATION.


C51 COMPILATION COMPLETE.  0 WARNING(S),  0 ERROR(S)
